<?xml version="1.0" encoding="UTF-8"?>
<!-- Generated by org.testng.reporters.JUnitReportReporter -->
<testsuite skipped="0" hostname="DESKTOP-AACNGDD" name="com.testcases.Testcase1" tests="1" failures="0" timestamp="19 Jun 2020 06:18:27 GMT" time="13.481" errors="0">
  <testcase name="testflow" time="13.481" classname="com.testcases.Testcase1"/>
</testsuite> <!-- com.testcases.Testcase1 -->
