<?xml version="1.0" encoding="UTF-8"?>
<!-- Generated by org.testng.reporters.JUnitReportReporter -->
<testsuite skipped="0" hostname="DESKTOP-AACNGDD" name="com.testcases.Testcase2" tests="1" failures="0" timestamp="19 Jun 2020 06:18:27 GMT" time="21.029" errors="0">
  <testcase name="testFlightdetailsflow" time="21.029" classname="com.testcases.Testcase2"/>
</testsuite> <!-- com.testcases.Testcase2 -->
