<?xml version="1.0" encoding="UTF-8"?>
<!-- Generated by org.testng.reporters.JUnitReportReporter -->
<testsuite skipped="0" hostname="DESKTOP-AACNGDD" name="com.testcases.Testcase5" tests="1" failures="0" timestamp="19 Jun 2020 06:18:27 GMT" time="9.384" errors="0">
  <testcase name="testBillingadress" time="9.384" classname="com.testcases.Testcase5"/>
</testsuite> <!-- com.testcases.Testcase5 -->
