<?xml version="1.0" encoding="UTF-8"?>
<!-- Generated by org.testng.reporters.JUnitReportReporter -->
<testsuite skipped="0" hostname="DESKTOP-AACNGDD" name="com.testcases.Setupclass" tests="1" failures="0" timestamp="19 Jun 2020 06:18:27 GMT" time="0.006" errors="0">
  <testcase name="samplemethod" time="0.006" classname="com.testcases.Setupclass"/>
</testsuite> <!-- com.testcases.Setupclass -->
